03-Jan-2020 20:04:11.376 信息 [main] org.apache.catalina.startup.VersionLoggerListener.log Server.服务器版本:        Apache Tomcat/9.0.22
03-Jan-2020 20:04:11.382 信息 [main] org.apache.catalina.startup.VersionLoggerListener.log Server.构建:          Jul 4 2019 14:20:06 UTC
03-Jan-2020 20:04:11.382 信息 [main] org.apache.catalina.startup.VersionLoggerListener.log Server version number: 9.0.22.0
03-Jan-2020 20:04:11.382 信息 [main] org.apache.catalina.startup.VersionLoggerListener.log OS Name:               Windows 10
03-Jan-2020 20:04:11.382 信息 [main] org.apache.catalina.startup.VersionLoggerListener.log OS.版本:            10.0
03-Jan-2020 20:04:11.383 信息 [main] org.apache.catalina.startup.VersionLoggerListener.log 结.造:          amd64
03-Jan-2020 20:04:11.384 信息 [main] org.apache.catalina.startup.VersionLoggerListener.log Java 环境变量:             C:\Program Files\Java\jdk1.8.0_144\jre
03-Jan-2020 20:04:11.384 信息 [main] org.apache.catalina.startup.VersionLoggerListener.log JVM 版本:           1.8.0_144-b01
03-Jan-2020 20:04:11.384 信息 [main] org.apache.catalina.startup.VersionLoggerListener.log JVM.供应商:            Oracle Corporation
03-Jan-2020 20:04:11.384 信息 [main] org.apache.catalina.startup.VersionLoggerListener.log CATALINA_BASE:         F:\JAVA\GreenPlatformTomcat\apache-tomcat-9.0.22
03-Jan-2020 20:04:11.384 信息 [main] org.apache.catalina.startup.VersionLoggerListener.log CATALINA_HOME:         F:\JAVA\GreenPlatformTomcat\apache-tomcat-9.0.22
03-Jan-2020 20:04:11.384 信息 [main] org.apache.catalina.startup.VersionLoggerListener.log Command line argument: -Djava.util.logging.config.file=F:\JAVA\GreenPlatformTomcat\apache-tomcat-9.0.22\conf\logging.properties
03-Jan-2020 20:04:11.384 信息 [main] org.apache.catalina.startup.VersionLoggerListener.log Command line argument: -Djava.util.logging.manager=org.apache.juli.ClassLoaderLogManager
03-Jan-2020 20:04:11.385 信息 [main] org.apache.catalina.startup.VersionLoggerListener.log Command line argument: -Djdk.tls.ephemeralDHKeySize=2048
03-Jan-2020 20:04:11.385 信息 [main] org.apache.catalina.startup.VersionLoggerListener.log Command line argument: -Djava.protocol.handler.pkgs=org.apache.catalina.webresources
03-Jan-2020 20:04:11.385 信息 [main] org.apache.catalina.startup.VersionLoggerListener.log Command line argument: -Dignore.endorsed.dirs=
03-Jan-2020 20:04:11.385 信息 [main] org.apache.catalina.startup.VersionLoggerListener.log Command line argument: -Dcatalina.base=F:\JAVA\GreenPlatformTomcat\apache-tomcat-9.0.22
03-Jan-2020 20:04:11.386 信息 [main] org.apache.catalina.startup.VersionLoggerListener.log Command line argument: -Dcatalina.home=F:\JAVA\GreenPlatformTomcat\apache-tomcat-9.0.22
03-Jan-2020 20:04:11.387 信息 [main] org.apache.catalina.startup.VersionLoggerListener.log Command line argument: -Djava.io.tmpdir=F:\JAVA\GreenPlatformTomcat\apache-tomcat-9.0.22\temp
03-Jan-2020 20:04:11.388 信息 [main] org.apache.catalina.core.AprLifecycleListener.lifecycleEvent Loaded APR based Apache Tomcat Native library [1.2.23] using APR version [1.7.0].
03-Jan-2020 20:04:11.388 信息 [main] org.apache.catalina.core.AprLifecycleListener.lifecycleEvent APR capabilities: IPv6 [true], sendfile [true], accept filters [false], random [true].
03-Jan-2020 20:04:11.389 信息 [main] org.apache.catalina.core.AprLifecycleListener.lifecycleEvent APR/OpenSSL configuration: useAprConnector [false], useOpenSSL [true]
03-Jan-2020 20:04:11.402 信息 [main] org.apache.catalina.core.AprLifecycleListener.initializeSSL OpenSSL successfully initialized [OpenSSL 1.1.1c  28 May 2019]
03-Jan-2020 20:04:11.718 信息 [main] org.apache.coyote.AbstractProtocol.init 初始化协议处理器 ["http-nio-8080"]
03-Jan-2020 20:04:12.167 信息 [main] org.apache.coyote.AbstractProtocol.init 初始化协议处理器 ["ajp-nio-8009"]
03-Jan-2020 20:04:12.188 信息 [main] org.apache.catalina.startup.Catalina.load 服务器在[1,065]毫秒内初始化
03-Jan-2020 20:04:12.225 信息 [main] org.apache.catalina.core.StandardService.startInternal Starting service [Catalina]
03-Jan-2020 20:04:12.226 信息 [main] org.apache.catalina.core.StandardEngine.startInternal Starting Servlet engine: [Apache Tomcat/9.0.22]
03-Jan-2020 20:04:12.251 严重 [main] org.apache.catalina.core.ContainerBase.startInternal 子容器启动失败
	java.util.concurrent.ExecutionException: org.apache.catalina.LifecycleException: Failed to start component [org.apache.catalina.webresources.StandardRoot@c81cdd1]
		at java.util.concurrent.FutureTask.report(FutureTask.java:122)
		at java.util.concurrent.FutureTask.get(FutureTask.java:192)
		at org.apache.catalina.core.ContainerBase.startInternal(ContainerBase.java:916)
		at org.apache.catalina.core.StandardHost.startInternal(StandardHost.java:841)
		at org.apache.catalina.util.LifecycleBase.start(LifecycleBase.java:183)
		at org.apache.catalina.core.ContainerBase$StartChild.call(ContainerBase.java:1384)
		at org.apache.catalina.core.ContainerBase$StartChild.call(ContainerBase.java:1374)
		at java.util.concurrent.FutureTask.run(FutureTask.java:266)
		at org.apache.tomcat.util.threads.InlineExecutorService.execute(InlineExecutorService.java:75)
		at java.util.concurrent.AbstractExecutorService.submit(AbstractExecutorService.java:134)
		at org.apache.catalina.core.ContainerBase.startInternal(ContainerBase.java:909)
		at org.apache.catalina.core.StandardEngine.startInternal(StandardEngine.java:262)
		at org.apache.catalina.util.LifecycleBase.start(LifecycleBase.java:183)
		at org.apache.catalina.core.StandardService.startInternal(StandardService.java:421)
		at org.apache.catalina.util.LifecycleBase.start(LifecycleBase.java:183)
		at org.apache.catalina.core.StandardServer.startInternal(StandardServer.java:932)
		at org.apache.catalina.util.LifecycleBase.start(LifecycleBase.java:183)
		at org.apache.catalina.startup.Catalina.start(Catalina.java:633)
		at sun.reflect.NativeMethodAccessorImpl.invoke0(Native Method)
		at sun.reflect.NativeMethodAccessorImpl.invoke(NativeMethodAccessorImpl.java:62)
		at sun.reflect.DelegatingMethodAccessorImpl.invoke(DelegatingMethodAccessorImpl.java:43)
		at java.lang.reflect.Method.invoke(Method.java:498)
		at org.apache.catalina.startup.Bootstrap.start(Bootstrap.java:344)
		at org.apache.catalina.startup.Bootstrap.main(Bootstrap.java:475)
	Caused by: org.apache.catalina.LifecycleException: Failed to start component [org.apache.catalina.webresources.StandardRoot@c81cdd1]
		at org.apache.catalina.util.LifecycleBase.handleSubClassException(LifecycleBase.java:440)
		at org.apache.catalina.util.LifecycleBase.start(LifecycleBase.java:198)
		at org.apache.catalina.core.StandardContext.resourcesStart(StandardContext.java:4797)
		at org.apache.catalina.core.StandardContext.startInternal(StandardContext.java:4932)
		at org.apache.catalina.util.LifecycleBase.start(LifecycleBase.java:183)
		at org.apache.catalina.core.ContainerBase$StartChild.call(ContainerBase.java:1384)
		at org.apache.catalina.core.ContainerBase$StartChild.call(ContainerBase.java:1374)
		at java.util.concurrent.FutureTask.run(FutureTask.java:266)
		at org.apache.tomcat.util.threads.InlineExecutorService.execute(InlineExecutorService.java:75)
		at java.util.concurrent.AbstractExecutorService.submit(AbstractExecutorService.java:134)
		at org.apache.catalina.core.ContainerBase.startInternal(ContainerBase.java:909)
		... 21 more
	Caused by: java.lang.IllegalArgumentException: 指定的主资源集 [F:\JAVA\GreenPlatformTomcat\apache-tomcat-9.0.22\webapps\GreenPlatform-0.0.1-SNAPSHOT-exec] 无效
		at org.apache.catalina.webresources.StandardRoot.createMainResourceSet(StandardRoot.java:752)
		at org.apache.catalina.webresources.StandardRoot.startInternal(StandardRoot.java:709)
		at org.apache.catalina.util.LifecycleBase.start(LifecycleBase.java:183)
		... 30 more
03-Jan-2020 20:04:12.256 严重 [main] org.apache.catalina.core.ContainerBase.startInternal 子容器启动失败
	java.util.concurrent.ExecutionException: org.apache.catalina.LifecycleException: 子容器启动失败
		at java.util.concurrent.FutureTask.report(FutureTask.java:122)
		at java.util.concurrent.FutureTask.get(FutureTask.java:192)
		at org.apache.catalina.core.ContainerBase.startInternal(ContainerBase.java:916)
		at org.apache.catalina.core.StandardEngine.startInternal(StandardEngine.java:262)
		at org.apache.catalina.util.LifecycleBase.start(LifecycleBase.java:183)
		at org.apache.catalina.core.StandardService.startInternal(StandardService.java:421)
		at org.apache.catalina.util.LifecycleBase.start(LifecycleBase.java:183)
		at org.apache.catalina.core.StandardServer.startInternal(StandardServer.java:932)
		at org.apache.catalina.util.LifecycleBase.start(LifecycleBase.java:183)
		at org.apache.catalina.startup.Catalina.start(Catalina.java:633)
		at sun.reflect.NativeMethodAccessorImpl.invoke0(Native Method)
		at sun.reflect.NativeMethodAccessorImpl.invoke(NativeMethodAccessorImpl.java:62)
		at sun.reflect.DelegatingMethodAccessorImpl.invoke(DelegatingMethodAccessorImpl.java:43)
		at java.lang.reflect.Method.invoke(Method.java:498)
		at org.apache.catalina.startup.Bootstrap.start(Bootstrap.java:344)
		at org.apache.catalina.startup.Bootstrap.main(Bootstrap.java:475)
	Caused by: org.apache.catalina.LifecycleException: 子容器启动失败
		at org.apache.catalina.core.ContainerBase.startInternal(ContainerBase.java:928)
		at org.apache.catalina.core.StandardHost.startInternal(StandardHost.java:841)
		at org.apache.catalina.util.LifecycleBase.start(LifecycleBase.java:183)
		at org.apache.catalina.core.ContainerBase$StartChild.call(ContainerBase.java:1384)
		at org.apache.catalina.core.ContainerBase$StartChild.call(ContainerBase.java:1374)
		at java.util.concurrent.FutureTask.run(FutureTask.java:266)
		at org.apache.tomcat.util.threads.InlineExecutorService.execute(InlineExecutorService.java:75)
		at java.util.concurrent.AbstractExecutorService.submit(AbstractExecutorService.java:134)
		at org.apache.catalina.core.ContainerBase.startInternal(ContainerBase.java:909)
		... 13 more
	Caused by: java.util.concurrent.ExecutionException: org.apache.catalina.LifecycleException: Failed to start component [org.apache.catalina.webresources.StandardRoot@c81cdd1]
		at java.util.concurrent.FutureTask.report(FutureTask.java:122)
		at java.util.concurrent.FutureTask.get(FutureTask.java:192)
		at org.apache.catalina.core.ContainerBase.startInternal(ContainerBase.java:916)
		... 21 more
	Caused by: org.apache.catalina.LifecycleException: Failed to start component [org.apache.catalina.webresources.StandardRoot@c81cdd1]
		at org.apache.catalina.util.LifecycleBase.handleSubClassException(LifecycleBase.java:440)
		at org.apache.catalina.util.LifecycleBase.start(LifecycleBase.java:198)
		at org.apache.catalina.core.StandardContext.resourcesStart(StandardContext.java:4797)
		at org.apache.catalina.core.StandardContext.startInternal(StandardContext.java:4932)
		at org.apache.catalina.util.LifecycleBase.start(LifecycleBase.java:183)
		at org.apache.catalina.core.ContainerBase$StartChild.call(ContainerBase.java:1384)
		at org.apache.catalina.core.ContainerBase$StartChild.call(ContainerBase.java:1374)
		at java.util.concurrent.FutureTask.run(FutureTask.java:266)
		at org.apache.tomcat.util.threads.InlineExecutorService.execute(InlineExecutorService.java:75)
		at java.util.concurrent.AbstractExecutorService.submit(AbstractExecutorService.java:134)
		at org.apache.catalina.core.ContainerBase.startInternal(ContainerBase.java:909)
		... 21 more
	Caused by: java.lang.IllegalArgumentException: 指定的主资源集 [F:\JAVA\GreenPlatformTomcat\apache-tomcat-9.0.22\webapps\GreenPlatform-0.0.1-SNAPSHOT-exec] 无效
		at org.apache.catalina.webresources.StandardRoot.createMainResourceSet(StandardRoot.java:752)
		at org.apache.catalina.webresources.StandardRoot.startInternal(StandardRoot.java:709)
		at org.apache.catalina.util.LifecycleBase.start(LifecycleBase.java:183)
		... 30 more
03-Jan-2020 20:04:12.258 严重 [main] org.apache.catalina.startup.Catalina.start 所必需的服务组件启动失败，所以无法启动Tomcat
	org.apache.catalina.LifecycleException: 子容器启动失败
		at org.apache.catalina.core.ContainerBase.startInternal(ContainerBase.java:928)
		at org.apache.catalina.core.StandardEngine.startInternal(StandardEngine.java:262)
		at org.apache.catalina.util.LifecycleBase.start(LifecycleBase.java:183)
		at org.apache.catalina.core.StandardService.startInternal(StandardService.java:421)
		at org.apache.catalina.util.LifecycleBase.start(LifecycleBase.java:183)
		at org.apache.catalina.core.StandardServer.startInternal(StandardServer.java:932)
		at org.apache.catalina.util.LifecycleBase.start(LifecycleBase.java:183)
		at org.apache.catalina.startup.Catalina.start(Catalina.java:633)
		at sun.reflect.NativeMethodAccessorImpl.invoke0(Native Method)
		at sun.reflect.NativeMethodAccessorImpl.invoke(NativeMethodAccessorImpl.java:62)
		at sun.reflect.DelegatingMethodAccessorImpl.invoke(DelegatingMethodAccessorImpl.java:43)
		at java.lang.reflect.Method.invoke(Method.java:498)
		at org.apache.catalina.startup.Bootstrap.start(Bootstrap.java:344)
		at org.apache.catalina.startup.Bootstrap.main(Bootstrap.java:475)
	Caused by: java.util.concurrent.ExecutionException: org.apache.catalina.LifecycleException: 子容器启动失败
		at java.util.concurrent.FutureTask.report(FutureTask.java:122)
		at java.util.concurrent.FutureTask.get(FutureTask.java:192)
		at org.apache.catalina.core.ContainerBase.startInternal(ContainerBase.java:916)
		... 13 more
	Caused by: org.apache.catalina.LifecycleException: 子容器启动失败
		at org.apache.catalina.core.ContainerBase.startInternal(ContainerBase.java:928)
		at org.apache.catalina.core.StandardHost.startInternal(StandardHost.java:841)
		at org.apache.catalina.util.LifecycleBase.start(LifecycleBase.java:183)
		at org.apache.catalina.core.ContainerBase$StartChild.call(ContainerBase.java:1384)
		at org.apache.catalina.core.ContainerBase$StartChild.call(ContainerBase.java:1374)
		at java.util.concurrent.FutureTask.run(FutureTask.java:266)
		at org.apache.tomcat.util.threads.InlineExecutorService.execute(InlineExecutorService.java:75)
		at java.util.concurrent.AbstractExecutorService.submit(AbstractExecutorService.java:134)
		at org.apache.catalina.core.ContainerBase.startInternal(ContainerBase.java:909)
		... 13 more
	Caused by: java.util.concurrent.ExecutionException: org.apache.catalina.LifecycleException: Failed to start component [org.apache.catalina.webresources.StandardRoot@c81cdd1]
		at java.util.concurrent.FutureTask.report(FutureTask.java:122)
		at java.util.concurrent.FutureTask.get(FutureTask.java:192)
		at org.apache.catalina.core.ContainerBase.startInternal(ContainerBase.java:916)
		... 21 more
	Caused by: org.apache.catalina.LifecycleException: Failed to start component [org.apache.catalina.webresources.StandardRoot@c81cdd1]
		at org.apache.catalina.util.LifecycleBase.handleSubClassException(LifecycleBase.java:440)
		at org.apache.catalina.util.LifecycleBase.start(LifecycleBase.java:198)
		at org.apache.catalina.core.StandardContext.resourcesStart(StandardContext.java:4797)
		at org.apache.catalina.core.StandardContext.startInternal(StandardContext.java:4932)
		at org.apache.catalina.util.LifecycleBase.start(LifecycleBase.java:183)
		at org.apache.catalina.core.ContainerBase$StartChild.call(ContainerBase.java:1384)
		at org.apache.catalina.core.ContainerBase$StartChild.call(ContainerBase.java:1374)
		at java.util.concurrent.FutureTask.run(FutureTask.java:266)
		at org.apache.tomcat.util.threads.InlineExecutorService.execute(InlineExecutorService.java:75)
		at java.util.concurrent.AbstractExecutorService.submit(AbstractExecutorService.java:134)
		at org.apache.catalina.core.ContainerBase.startInternal(ContainerBase.java:909)
		... 21 more
	Caused by: java.lang.IllegalArgumentException: 指定的主资源集 [F:\JAVA\GreenPlatformTomcat\apache-tomcat-9.0.22\webapps\GreenPlatform-0.0.1-SNAPSHOT-exec] 无效
		at org.apache.catalina.webresources.StandardRoot.createMainResourceSet(StandardRoot.java:752)
		at org.apache.catalina.webresources.StandardRoot.startInternal(StandardRoot.java:709)
		at org.apache.catalina.util.LifecycleBase.start(LifecycleBase.java:183)
		... 30 more
03-Jan-2020 20:04:12.261 信息 [main] org.apache.coyote.AbstractProtocol.pause Pausing ProtocolHandler ["http-nio-8080"]
03-Jan-2020 20:04:12.261 信息 [main] org.apache.coyote.AbstractProtocol.pause Pausing ProtocolHandler ["ajp-nio-8009"]
03-Jan-2020 20:04:12.262 信息 [main] org.apache.catalina.core.StandardService.stopInternal Stopping service [Catalina]
03-Jan-2020 20:04:12.263 信息 [main] org.apache.coyote.AbstractProtocol.destroy 正在摧毁协议处理器 ["http-nio-8080"]
03-Jan-2020 20:04:12.265 信息 [main] org.apache.coyote.AbstractProtocol.destroy 正在摧毁协议处理器 ["ajp-nio-8009"]
