04-Oct-2019 22:01:40.972 信息 [main] org.apache.catalina.startup.VersionLoggerListener.log Server.服务器版本:        Apache Tomcat/9.0.22
04-Oct-2019 22:01:41.099 信息 [main] org.apache.catalina.startup.VersionLoggerListener.log Server.构建:          Jul 4 2019 14:20:06 UTC
04-Oct-2019 22:01:41.107 信息 [main] org.apache.catalina.startup.VersionLoggerListener.log Server version number: 9.0.22.0
04-Oct-2019 22:01:41.108 信息 [main] org.apache.catalina.startup.VersionLoggerListener.log OS Name:               Windows Server 2012 R2
04-Oct-2019 22:01:41.109 信息 [main] org.apache.catalina.startup.VersionLoggerListener.log OS.版本:            6.3
04-Oct-2019 22:01:41.110 信息 [main] org.apache.catalina.startup.VersionLoggerListener.log 结.造:          amd64
04-Oct-2019 22:01:41.111 信息 [main] org.apache.catalina.startup.VersionLoggerListener.log Java 环境变量:             C:\Program Files\Java\jdk1.8.0_144\jre
04-Oct-2019 22:01:41.112 信息 [main] org.apache.catalina.startup.VersionLoggerListener.log JVM 版本:           1.8.0_144-b01
04-Oct-2019 22:01:41.113 信息 [main] org.apache.catalina.startup.VersionLoggerListener.log JVM.供应商:            Oracle Corporation
04-Oct-2019 22:01:41.113 信息 [main] org.apache.catalina.startup.VersionLoggerListener.log CATALINA_BASE:         C:\workspace\apache-tomcat-9.0.22
04-Oct-2019 22:01:41.114 信息 [main] org.apache.catalina.startup.VersionLoggerListener.log CATALINA_HOME:         C:\workspace\apache-tomcat-9.0.22
04-Oct-2019 22:01:41.244 信息 [main] org.apache.catalina.startup.VersionLoggerListener.log Command line argument: -Djava.util.logging.config.file=C:\workspace\apache-tomcat-9.0.22\conf\logging.properties
04-Oct-2019 22:01:41.246 信息 [main] org.apache.catalina.startup.VersionLoggerListener.log Command line argument: -Djava.util.logging.manager=org.apache.juli.ClassLoaderLogManager
04-Oct-2019 22:01:41.247 信息 [main] org.apache.catalina.startup.VersionLoggerListener.log Command line argument: -Djdk.tls.ephemeralDHKeySize=2048
04-Oct-2019 22:01:41.248 信息 [main] org.apache.catalina.startup.VersionLoggerListener.log Command line argument: -Djava.protocol.handler.pkgs=org.apache.catalina.webresources
04-Oct-2019 22:01:41.249 信息 [main] org.apache.catalina.startup.VersionLoggerListener.log Command line argument: -Dignore.endorsed.dirs=
04-Oct-2019 22:01:41.251 信息 [main] org.apache.catalina.startup.VersionLoggerListener.log Command line argument: -Dcatalina.base=C:\workspace\apache-tomcat-9.0.22
04-Oct-2019 22:01:41.253 信息 [main] org.apache.catalina.startup.VersionLoggerListener.log Command line argument: -Dcatalina.home=C:\workspace\apache-tomcat-9.0.22
04-Oct-2019 22:01:41.255 信息 [main] org.apache.catalina.startup.VersionLoggerListener.log Command line argument: -Djava.io.tmpdir=C:\workspace\apache-tomcat-9.0.22\temp
04-Oct-2019 22:01:41.256 信息 [main] org.apache.catalina.core.AprLifecycleListener.lifecycleEvent The APR based Apache Tomcat Native library which allows optimal performance in production environments was not found on the java.library.path: [C:\Program Files\Java\jdk1.8.0_144\bin;C:\Windows\Sun\Java\bin;C:\Windows\system32;C:\Windows;C:\ProgramData\Oracle\Java\javapath;C:\Windows\system32;C:\Windows;C:\Windows\System32\Wbem;C:\Windows\System32\WindowsPowerShell\v1.0\;C:\Program Files\QCloud\Monitor\Barad;%JAVA_HOME%\bin;%JAVA_HOME%\jre\bin;C:\workspace\mysql-8.0.11-winx64\bin\;;.]
04-Oct-2019 22:01:43.885 信息 [main] org.apache.coyote.AbstractProtocol.init 初始化协议处理器 ["http-nio-80"]
04-Oct-2019 22:01:44.421 信息 [main] org.apache.coyote.AbstractProtocol.init 初始化协议处理器 ["https-jsse-nio-443"]
04-Oct-2019 22:01:45.162 信息 [main] org.apache.coyote.AbstractProtocol.init 初始化协议处理器 ["ajp-nio-8009"]
04-Oct-2019 22:01:45.180 信息 [main] org.apache.catalina.startup.Catalina.load 服务器在[5,902]毫秒内初始化
04-Oct-2019 22:01:45.329 信息 [main] org.apache.catalina.core.StandardService.startInternal Starting service [Catalina]
04-Oct-2019 22:01:45.330 信息 [main] org.apache.catalina.core.StandardEngine.startInternal Starting Servlet engine: [Apache Tomcat/9.0.22]
04-Oct-2019 22:01:57.049 信息 [main] org.apache.catalina.core.ApplicationContext.log 2 Spring WebApplicationInitializers detected on classpath
04-Oct-2019 22:02:05.621 信息 [main] org.apache.catalina.core.ApplicationContext.log Initializing Spring embedded WebApplicationContext
04-Oct-2019 22:02:34.200 信息 [main] org.apache.jasper.servlet.TldScanner.scanJars 至少有一个JAR被扫描用于TLD但尚未包含TLD。 为此记录器启用调试日志记录，以获取已扫描但未在其中找到TLD的完整JAR列表。 在扫描期间跳过不需要的JAR可以缩短启动时间和JSP编译时间。
04-Oct-2019 22:02:34.357 信息 [main] org.apache.catalina.startup.HostConfig.deployWAR Deploying web application archive [C:\workspace\apache-tomcat-9.0.22\webapps\GreenPlatform_war_exploded.war]
04-Oct-2019 22:02:41.263 信息 [main] org.apache.catalina.core.ApplicationContext.log 2 Spring WebApplicationInitializers detected on classpath
04-Oct-2019 22:02:49.011 信息 [main] org.apache.catalina.core.ApplicationContext.log Initializing Spring embedded WebApplicationContext
04-Oct-2019 22:03:09.156 严重 [main] org.apache.catalina.startup.HostConfig.deployWAR 部署 Web 应用程序 archive [C:\workspace\apache-tomcat-9.0.22\webapps\GreenPlatform_war_exploded.war] 时出错
	java.lang.IllegalStateException: Error starting child
		at org.apache.catalina.core.ContainerBase.addChildInternal(ContainerBase.java:720)
		at org.apache.catalina.core.ContainerBase.addChild(ContainerBase.java:690)
		at org.apache.catalina.core.StandardHost.addChild(StandardHost.java:705)
		at org.apache.catalina.startup.HostConfig.deployWAR(HostConfig.java:978)
		at org.apache.catalina.startup.HostConfig$DeployWar.run(HostConfig.java:1849)
		at java.util.concurrent.Executors$RunnableAdapter.call(Executors.java:511)
		at java.util.concurrent.FutureTask.run(FutureTask.java:266)
		at org.apache.tomcat.util.threads.InlineExecutorService.execute(InlineExecutorService.java:75)
		at java.util.concurrent.AbstractExecutorService.submit(AbstractExecutorService.java:112)
		at org.apache.catalina.startup.HostConfig.deployWARs(HostConfig.java:773)
		at org.apache.catalina.startup.HostConfig.deployApps(HostConfig.java:427)
		at org.apache.catalina.startup.HostConfig.start(HostConfig.java:1576)
		at org.apache.catalina.startup.HostConfig.lifecycleEvent(HostConfig.java:309)
		at org.apache.catalina.util.LifecycleBase.fireLifecycleEvent(LifecycleBase.java:123)
		at org.apache.catalina.util.LifecycleBase.setStateInternal(LifecycleBase.java:423)
		at org.apache.catalina.util.LifecycleBase.setState(LifecycleBase.java:366)
		at org.apache.catalina.core.ContainerBase.startInternal(ContainerBase.java:936)
		at org.apache.catalina.core.StandardHost.startInternal(StandardHost.java:841)
		at org.apache.catalina.util.LifecycleBase.start(LifecycleBase.java:183)
		at org.apache.catalina.core.ContainerBase$StartChild.call(ContainerBase.java:1384)
		at org.apache.catalina.core.ContainerBase$StartChild.call(ContainerBase.java:1374)
		at java.util.concurrent.FutureTask.run(FutureTask.java:266)
		at org.apache.tomcat.util.threads.InlineExecutorService.execute(InlineExecutorService.java:75)
		at java.util.concurrent.AbstractExecutorService.submit(AbstractExecutorService.java:134)
		at org.apache.catalina.core.ContainerBase.startInternal(ContainerBase.java:909)
		at org.apache.catalina.core.StandardEngine.startInternal(StandardEngine.java:262)
		at org.apache.catalina.util.LifecycleBase.start(LifecycleBase.java:183)
		at org.apache.catalina.core.StandardService.startInternal(StandardService.java:421)
		at org.apache.catalina.util.LifecycleBase.start(LifecycleBase.java:183)
		at org.apache.catalina.core.StandardServer.startInternal(StandardServer.java:932)
		at org.apache.catalina.util.LifecycleBase.start(LifecycleBase.java:183)
		at org.apache.catalina.startup.Catalina.start(Catalina.java:633)
		at sun.reflect.NativeMethodAccessorImpl.invoke0(Native Method)
		at sun.reflect.NativeMethodAccessorImpl.invoke(NativeMethodAccessorImpl.java:62)
		at sun.reflect.DelegatingMethodAccessorImpl.invoke(DelegatingMethodAccessorImpl.java:43)
		at java.lang.reflect.Method.invoke(Method.java:498)
		at org.apache.catalina.startup.Bootstrap.start(Bootstrap.java:344)
		at org.apache.catalina.startup.Bootstrap.main(Bootstrap.java:475)
	Caused by: org.apache.catalina.LifecycleException: Failed to start component [StandardEngine[Catalina].StandardHost[lhwlljnw.com].StandardContext[/GreenPlatform_war_exploded]]
		at org.apache.catalina.util.LifecycleBase.handleSubClassException(LifecycleBase.java:440)
		at org.apache.catalina.util.LifecycleBase.start(LifecycleBase.java:198)
		at org.apache.catalina.core.ContainerBase.addChildInternal(ContainerBase.java:717)
		... 37 more
	Caused by: org.springframework.jmx.export.UnableToRegisterMBeanException: Unable to register MBean [HikariDataSource (null)] with key 'dataSource'; nested exception is javax.management.InstanceAlreadyExistsException: com.zaxxer.hikari:name=dataSource,type=HikariDataSource
		at org.springframework.jmx.export.MBeanExporter.registerBeanNameOrInstance(MBeanExporter.java:625)
		at org.springframework.jmx.export.MBeanExporter.lambda$registerBeans$2(MBeanExporter.java:551)
		at java.util.HashMap.forEach(HashMap.java:1288)
		at org.springframework.jmx.export.MBeanExporter.registerBeans(MBeanExporter.java:551)
		at org.springframework.jmx.export.MBeanExporter.afterSingletonsInstantiated(MBeanExporter.java:434)
		at org.springframework.beans.factory.support.DefaultListableBeanFactory.preInstantiateSingletons(DefaultListableBeanFactory.java:776)
		at org.springframework.context.support.AbstractApplicationContext.finishBeanFactoryInitialization(AbstractApplicationContext.java:869)
		at org.springframework.context.support.AbstractApplicationContext.refresh(AbstractApplicationContext.java:550)
		at org.springframework.boot.web.servlet.context.ServletWebServerApplicationContext.refresh(ServletWebServerApplicationContext.java:140)
		at org.springframework.boot.SpringApplication.refresh(SpringApplication.java:780)
		at org.springframework.boot.SpringApplication.refreshContext(SpringApplication.java:412)
		at org.springframework.boot.SpringApplication.run(SpringApplication.java:333)
		at org.springframework.boot.web.servlet.support.SpringBootServletInitializer.run(SpringBootServletInitializer.java:157)
		at org.springframework.boot.web.servlet.support.SpringBootServletInitializer.createRootApplicationContext(SpringBootServletInitializer.java:137)
		at org.springframework.boot.web.servlet.support.SpringBootServletInitializer.onStartup(SpringBootServletInitializer.java:91)
		at org.springframework.web.SpringServletContainerInitializer.onStartup(SpringServletContainerInitializer.java:172)
		at org.apache.catalina.core.StandardContext.startInternal(StandardContext.java:5132)
		at org.apache.catalina.util.LifecycleBase.start(LifecycleBase.java:183)
		... 38 more
	Caused by: javax.management.InstanceAlreadyExistsException: com.zaxxer.hikari:name=dataSource,type=HikariDataSource
		at com.sun.jmx.mbeanserver.Repository.addMBean(Repository.java:437)
		at com.sun.jmx.interceptor.DefaultMBeanServerInterceptor.registerWithRepository(DefaultMBeanServerInterceptor.java:1898)
		at com.sun.jmx.interceptor.DefaultMBeanServerInterceptor.registerDynamicMBean(DefaultMBeanServerInterceptor.java:966)
		at com.sun.jmx.interceptor.DefaultMBeanServerInterceptor.registerObject(DefaultMBeanServerInterceptor.java:900)
		at com.sun.jmx.interceptor.DefaultMBeanServerInterceptor.registerMBean(DefaultMBeanServerInterceptor.java:324)
		at com.sun.jmx.mbeanserver.JmxMBeanServer.registerMBean(JmxMBeanServer.java:522)
		at org.springframework.jmx.support.MBeanRegistrationSupport.doRegister(MBeanRegistrationSupport.java:137)
		at org.springframework.jmx.export.MBeanExporter.registerBeanInstance(MBeanExporter.java:671)
		at org.springframework.jmx.export.MBeanExporter.registerBeanNameOrInstance(MBeanExporter.java:615)
		... 55 more
04-Oct-2019 22:03:09.214 信息 [main] org.apache.catalina.startup.HostConfig.deployWAR Deployment of web application archive [C:\workspace\apache-tomcat-9.0.22\webapps\GreenPlatform_war_exploded.war] has finished in [34,857] ms
04-Oct-2019 22:03:09.227 信息 [main] org.apache.coyote.AbstractProtocol.start 开始协议处理句柄["http-nio-80"]
04-Oct-2019 22:03:09.281 信息 [main] org.apache.coyote.AbstractProtocol.start 开始协议处理句柄["https-jsse-nio-443"]
04-Oct-2019 22:03:09.284 信息 [main] org.apache.coyote.AbstractProtocol.start 开始协议处理句柄["ajp-nio-8009"]
04-Oct-2019 22:03:09.289 信息 [main] org.apache.catalina.startup.Catalina.start Server startup in [84,104] milliseconds
04-Oct-2019 22:03:20.774 信息 [https-jsse-nio-443-exec-5] org.apache.catalina.core.ApplicationContext.log Initializing Spring FrameworkServlet 'dispatcherServlet'
04-Oct-2019 23:09:14.438 严重 [ajp-nio-8009-exec-1] org.apache.coyote.ajp.AjpMessage.processHeader Invalid message received with signature [768]
04-Oct-2019 23:15:58.721 严重 [ajp-nio-8009-exec-2] org.apache.coyote.ajp.AjpMessage.processHeader Invalid message received with signature [768]
04-Oct-2019 23:22:59.625 严重 [ajp-nio-8009-exec-3] org.apache.coyote.ajp.AjpMessage.processHeader Invalid message received with signature [768]
